Arguments: 
  C:\Program Files\nodejs\node.exe C:\Program Files (x86)\Yarn\bin\yarn.js add yarhs

PATH: 
  C:\Program Files (x86)\Common Files\Intel\Shared Libraries\redist\intel64\compiler;C:\Python27\;C:\Python27\Scripts;C:\Program Files (x86)\Common Files\Oracle\Java\javapath;C:\Program Files (x86)\Intel\iCLS Client\;C:\Program Files\Intel\iCLS Client\;C:\ProgramData\Oracle\Java\javapath;C:\WINDOWS\system32;C:\WINDOWS;C:\WINDOWS\System32\Wbem;C:\WINDOWS\System32\WindowsPowerShell\v1.0\;C:\Program Files (x86)\NVIDIA Corporation\PhysX\Common;C:\Program Files (x86)\Intel\Intel(R) Management Engine Components\DAL;C:\Program Files\Intel\Intel(R) Management Engine Components\DAL;C:\Program Files (x86)\Intel\Intel(R) Management Engine Components\IPT;C:\Program Files\Intel\Intel(R) Management Engine Components\IPT;C:\WINDOWS\System32\OpenSSH\;C:\Program Files\dotnet\;C:\Program Files\Microsoft SQL Server\130\Tools\Binn\;C:\Program Files\NVIDIA Corporation\NVIDIA NvDLISR;C:\WINDOWS\system32;C:\WINDOWS;C:\WINDOWS\System32\Wbem;C:\WINDOWS\System32\WindowsPowerShell\v1.0\;C:\WINDOWS\System32\OpenSSH\;C:\Users\Pichau\Documents\C\Exes\CMD;C:\Program Files\Java\jdk1.8.0_181\bin;C:\Gradle\gradle-5.4.1\bin;C:\Program Files\Microsoft SQL Server\Client SDK\ODBC\170\Tools\Binn\;C:\Program Files (x86)\PDFtk Server\bin\;C:\Program Files\ImageMagick-7.0.8-Q16;C:\Users\Pichau\AppData\Local\bin\NASM;C:\ProgramData\chocolatey\bin;C:\Program Files\sqlmap;C:\Program Files\nodejs\;C:\Program Files\Git\cmd;C:\Program Files (x86)\Yarn\bin\;C:\Users\Pichau\.windows-build-tools\python27\;C:\Users\Pichau\AppData\Local\Programs\Microsoft VS Code\bin;C:\Users\Pichau\AppData\Local\Programs\Microsoft VS Code;C:\Users\Pichau\AppData\Roaming\npm;C:\Users\Pichau\AppData\Local\hyper\app-3.0.2\resources\bin;C:\Users\Pichau\AppData\Local\Yarn\bin

Yarn version: 
  1.22.0

Node version: 
  12.16.1

Platform: 
  win32 x64

Trace: 
  Error: https://registry.yarnpkg.com/yarhs: Not found
      at Request.params.callback [as _callback] (C:\Program Files (x86)\Yarn\lib\cli.js:66084:18)
      at Request.self.callback (C:\Program Files (x86)\Yarn\lib\cli.js:140727:22)
      at Request.emit (events.js:311:20)
      at Request.<anonymous> (C:\Program Files (x86)\Yarn\lib\cli.js:141699:10)
      at Request.emit (events.js:311:20)
      at IncomingMessage.<anonymous> (C:\Program Files (x86)\Yarn\lib\cli.js:141621:12)
      at Object.onceWrapper (events.js:417:28)
      at IncomingMessage.emit (events.js:323:22)
      at endReadableNT (_stream_readable.js:1204:12)
      at processTicksAndRejections (internal/process/task_queues.js:84:21)

npm manifest: 
  No manifest

yarn manifest: 
  No manifest

Lockfile: 
  # THIS IS AN AUTOGENERATED FILE. DO NOT EDIT THIS FILE DIRECTLY.
  # yarn lockfile v1
